<?xml version="1.0" encoding="utf-8"?><testsuites name="pytest tests"><testsuite name="pytest" errors="0" failures="2" skipped="0" tests="17" time="3.736" timestamp="2026-02-17T13:26:24.484806+00:00" hostname="agent-env-01a7c6c4-44a2-4673-8f1c-468ebe089ea0"><testcase classname="backend.tests.test_dashboard_auth.TestDashboardAuth" name="test_signup_success" time="0.302" /><testcase classname="backend.tests.test_dashboard_auth.TestDashboardAuth" name="test_signup_duplicate_email" time="0.132" /><testcase classname="backend.tests.test_dashboard_auth.TestDashboardAuth" name="test_login_success" time="0.119" /><testcase classname="backend.tests.test_dashboard_auth.TestDashboardAuth" name="test_login_invalid_password" time="0.125" /><testcase classname="backend.tests.test_dashboard_auth.TestDashboardAuth" name="test_login_invalid_email" time="0.115" /><testcase classname="backend.tests.test_dashboard_auth.TestDashboardAuth" name="test_get_user_success" time="0.232" /><testcase classname="backend.tests.test_dashboard_auth.TestDashboardAuth" name="test_get_user_not_found" time="0.107"><failure message="assert 400 == 404&#10; +  where 400 = &lt;Response [400]&gt;.status_code">backend/tests/test_dashboard_auth.py:115: in test_get_user_not_found
    assert response.status_code == 404
E   assert 400 == 404
E    +  where 400 = &lt;Response [400]&gt;.status_code</failure></testcase><testcase classname="backend.tests.test_dashboard_auth.TestDeviceManagement" name="test_get_devices_success" time="0.243" /><testcase classname="backend.tests.test_dashboard_auth.TestDeviceManagement" name="test_get_devices_with_connected_device" time="0.245" /><testcase classname="backend.tests.test_dashboard_auth.TestDeviceManagement" name="test_add_device_invalid_code" time="0.270" /><testcase classname="backend.tests.test_dashboard_auth.TestDeviceManagement" name="test_add_device_generates_otp" time="0.348" /><testcase classname="backend.tests.test_dashboard_auth.TestDeviceManagement" name="test_verify_otp_success" time="0.774" /><testcase classname="backend.tests.test_dashboard_auth.TestDeviceManagement" name="test_verify_otp_invalid" time="0.114" /><testcase classname="backend.tests.test_dashboard_auth.TestDeviceManagement" name="test_get_devices_user_not_found" time="0.135"><failure message="assert 400 == 404&#10; +  where 400 = &lt;Response [400]&gt;.status_code">backend/tests/test_dashboard_auth.py:276: in test_get_devices_user_not_found
    assert response.status_code == 404
E   assert 400 == 404
E    +  where 400 = &lt;Response [400]&gt;.status_code</failure></testcase><testcase classname="backend.tests.test_dashboard_auth.TestMobileDeviceRegistration" name="test_register_mobile_device" time="0.108" /><testcase classname="backend.tests.test_dashboard_auth.TestHealthCheck" name="test_health_endpoint" time="0.110" /><testcase classname="backend.tests.test_dashboard_auth.TestHealthCheck" name="test_api_root" time="0.117" /></testsuite></testsuites>