<?xml version="1.0" encoding="utf-8"?><testsuites name="pytest tests"><testsuite name="pytest" errors="0" failures="0" skipped="0" tests="12" time="3.286" timestamp="2026-02-18T03:02:27.041198+00:00" hostname="agent-env-0c3f0641-6b7a-4833-87e9-0230c87d66ba"><testcase classname="backend.tests.test_dashboard_features.TestDashboardRecordingsAPI" name="test_dashboard_recordings_returns_list" time="0.313" /><testcase classname="backend.tests.test_dashboard_features.TestDashboardRecordingsAPI" name="test_dashboard_recordings_contain_visitor_data" time="0.140" /><testcase classname="backend.tests.test_dashboard_features.TestDashboardRecordingsAPI" name="test_dashboard_recordings_contain_summary" time="0.391" /><testcase classname="backend.tests.test_dashboard_features.TestDashboardVisitorsAPI" name="test_dashboard_visitors_returns_list" time="0.134" /><testcase classname="backend.tests.test_dashboard_features.TestDashboardVisitorsAPI" name="test_visitors_contain_required_fields" time="0.132" /><testcase classname="backend.tests.test_dashboard_features.TestRecordingDetails" name="test_recording_contains_visitor_start_times" time="0.335" /><testcase classname="backend.tests.test_dashboard_features.TestVideoUploadEndpoint" name="test_upload_video_endpoint_exists" time="0.645" /><testcase classname="backend.tests.test_dashboard_features.TestVideoUploadEndpoint" name="test_upload_video_requires_file" time="0.578" /><testcase classname="backend.tests.test_dashboard_features.TestSessionsTabFeatures" name="test_recording_has_overall_summary" time="0.131" /><testcase classname="backend.tests.test_dashboard_features.TestVisitorsTabFeatures" name="test_visitor_data_supports_conversation_labels" time="0.234" /><testcase classname="backend.tests.test_dashboard_features.TestFFmpegOverlayConfiguration" name="test_ffmpeg_is_available" time="0.065" /><testcase classname="backend.tests.test_dashboard_features.TestFFmpegOverlayConfiguration" name="test_required_fonts_available" time="0.000" /></testsuite></testsuites>