<?xml version="1.0" encoding="utf-8"?><testsuites name="pytest tests"><testsuite name="pytest" errors="0" failures="0" skipped="0" tests="12" time="2.327" timestamp="2026-02-18T03:35:39.371503+00:00" hostname="agent-env-0c3f0641-6b7a-4833-87e9-0230c87d66ba"><testcase classname="tests.test_dashboard_features.TestDashboardRecordingsAPI" name="test_dashboard_recordings_returns_list" time="0.187" /><testcase classname="tests.test_dashboard_features.TestDashboardRecordingsAPI" name="test_dashboard_recordings_contain_visitor_data" time="0.175" /><testcase classname="tests.test_dashboard_features.TestDashboardRecordingsAPI" name="test_dashboard_recordings_contain_summary" time="0.138" /><testcase classname="tests.test_dashboard_features.TestDashboardVisitorsAPI" name="test_dashboard_visitors_returns_list" time="0.126" /><testcase classname="tests.test_dashboard_features.TestDashboardVisitorsAPI" name="test_visitors_contain_required_fields" time="0.119" /><testcase classname="tests.test_dashboard_features.TestRecordingDetails" name="test_recording_contains_visitor_start_times" time="0.247" /><testcase classname="tests.test_dashboard_features.TestVideoUploadEndpoint" name="test_upload_video_endpoint_exists" time="0.526" /><testcase classname="tests.test_dashboard_features.TestVideoUploadEndpoint" name="test_upload_video_requires_file" time="0.420" /><testcase classname="tests.test_dashboard_features.TestSessionsTabFeatures" name="test_recording_has_overall_summary" time="0.122" /><testcase classname="tests.test_dashboard_features.TestVisitorsTabFeatures" name="test_visitor_data_supports_conversation_labels" time="0.132" /><testcase classname="tests.test_dashboard_features.TestFFmpegOverlayConfiguration" name="test_ffmpeg_is_available" time="0.076" /><testcase classname="tests.test_dashboard_features.TestFFmpegOverlayConfiguration" name="test_required_fonts_available" time="0.000" /></testsuite></testsuites>