<?xml version="1.0" encoding="utf-8"?><testsuites name="pytest tests"><testsuite name="pytest" errors="0" failures="0" skipped="0" tests="8" time="1.223" timestamp="2026-02-18T04:26:38.675434+00:00" hostname="agent-env-2af6feff-b333-417d-a579-17bcdc96d0ce"><testcase classname="backend.tests.test_orange_theme_apis.TestHealthEndpoint" name="test_health_endpoint_returns_200" time="0.143" /><testcase classname="backend.tests.test_orange_theme_apis.TestDashboardAPIs" name="test_dashboard_insights" time="0.115" /><testcase classname="backend.tests.test_orange_theme_apis.TestDashboardAPIs" name="test_dashboard_recordings" time="0.114" /><testcase classname="backend.tests.test_orange_theme_apis.TestDashboardAPIs" name="test_dashboard_visitors" time="0.132" /><testcase classname="backend.tests.test_orange_theme_apis.TestStaticPages" name="test_home_page_serves_html" time="0.161" /><testcase classname="backend.tests.test_orange_theme_apis.TestStaticPages" name="test_dashboard_page_serves_html" time="0.134" /><testcase classname="backend.tests.test_orange_theme_apis.TestRecordingsAPI" name="test_get_recordings_list" time="0.141" /><testcase classname="backend.tests.test_orange_theme_apis.TestVisitorsAPI" name="test_get_all_visitors" time="0.113" /></testsuite></testsuites>