<?xml version="1.0" encoding="utf-8"?><testsuites name="pytest tests"><testsuite name="pytest" errors="0" failures="0" skipped="0" tests="13" time="3.689" timestamp="2026-02-17T14:56:27.065220+00:00" hostname="agent-env-9a4d977f-807e-45fb-ba5c-e46975cc2761"><testcase classname="backend.tests.test_dashboard_api.TestHealthCheck" name="test_health_endpoint" time="0.282" /><testcase classname="backend.tests.test_dashboard_api.TestDashboardInsights" name="test_insights_returns_data" time="0.163" /><testcase classname="backend.tests.test_dashboard_api.TestDashboardRecordings" name="test_recordings_list" time="0.193" /><testcase classname="backend.tests.test_dashboard_api.TestDashboardVisitors" name="test_visitors_list" time="0.143" /><testcase classname="backend.tests.test_dashboard_api.TestRecordingsAPI" name="test_get_recordings" time="0.123" /><testcase classname="backend.tests.test_dashboard_api.TestRecordingsAPI" name="test_create_recording" time="0.381" /><testcase classname="backend.tests.test_dashboard_api.TestRecordingsAPI" name="test_get_single_recording" time="0.466" /><testcase classname="backend.tests.test_dashboard_api.TestDashboardAuth" name="test_signup_and_login" time="0.302" /><testcase classname="backend.tests.test_dashboard_api.TestDashboardAuth" name="test_login_invalid_credentials" time="0.137" /><testcase classname="backend.tests.test_dashboard_api.TestVisitorsAPI" name="test_get_all_visitors" time="0.185" /><testcase classname="backend.tests.test_dashboard_api.TestBarcodesAPI" name="test_create_barcode_scan" time="0.566" /><testcase classname="backend.tests.test_dashboard_api.TestVideoUploadEndpoint" name="test_upload_video_endpoint_exists" time="0.508" /><testcase classname="backend.tests.test_dashboard_api.TestMobileDeviceAPI" name="test_register_mobile_device" time="0.119" /></testsuite></testsuites>