<?xml version="1.0" encoding="utf-8"?><testsuites name="pytest tests"><testsuite name="pytest" errors="0" failures="2" skipped="0" tests="26" time="9.261" timestamp="2026-02-15T18:18:12.273846+00:00" hostname="agent-env-ce53aba9-c694-4e10-ae3e-578572b385bd"><testcase classname="backend.tests.test_xow_api.TestHealthEndpoints" name="test_health_check" time="0.290" /><testcase classname="backend.tests.test_xow_api.TestHealthEndpoints" name="test_root_endpoint" time="0.116" /><testcase classname="backend.tests.test_xow_api.TestAuthEndpoints" name="test_register_device" time="0.151" /><testcase classname="backend.tests.test_xow_api.TestAuthEndpoints" name="test_register_duplicate_device" time="0.326" /><testcase classname="backend.tests.test_xow_api.TestAuthEndpoints" name="test_login_success" time="0.500" /><testcase classname="backend.tests.test_xow_api.TestAuthEndpoints" name="test_login_invalid_credentials" time="0.213" /><testcase classname="backend.tests.test_xow_api.TestAuthEndpoints" name="test_demo_device_login" time="0.456" /><testcase classname="backend.tests.test_xow_api.TestRecordingEndpoints" name="test_create_recording" time="0.300" /><testcase classname="backend.tests.test_xow_api.TestRecordingEndpoints" name="test_get_recordings_list" time="0.249" /><testcase classname="backend.tests.test_xow_api.TestRecordingEndpoints" name="test_get_recordings_by_device" time="0.260" /><testcase classname="backend.tests.test_xow_api.TestRecordingEndpoints" name="test_get_recording_by_id" time="0.416" /><testcase classname="backend.tests.test_xow_api.TestRecordingEndpoints" name="test_get_nonexistent_recording" time="0.300"><failure message="assert 400 == 404&#10; +  where 400 = &lt;Response [400]&gt;.status_code">backend/tests/test_xow_api.py:204: in test_get_nonexistent_recording
    assert response.status_code == 404
E   assert 400 == 404
E    +  where 400 = &lt;Response [400]&gt;.status_code</failure></testcase><testcase classname="backend.tests.test_xow_api.TestRecordingEndpoints" name="test_complete_recording" time="1.387" /><testcase classname="backend.tests.test_xow_api.TestRecordingEndpoints" name="test_delete_recording" time="1.058"><failure message="assert 400 == 404&#10; +  where 400 = &lt;Response [400]&gt;.status_code">backend/tests/test_xow_api.py:247: in test_delete_recording
    assert get_response.status_code == 404
E   assert 400 == 404
E    +  where 400 = &lt;Response [400]&gt;.status_code</failure></testcase><testcase classname="backend.tests.test_xow_api.TestRecordingEndpoints" name="test_recording_status_endpoint" time="0.348" /><testcase classname="backend.tests.test_xow_api.TestBarcodeEndpoints" name="test_create_barcode_scan" time="0.313" /><testcase classname="backend.tests.test_xow_api.TestBarcodeEndpoints" name="test_get_barcodes_for_recording" time="0.575" /><testcase classname="backend.tests.test_xow_api.TestDashboardEndpoints" name="test_dashboard_insights" time="0.152" /><testcase classname="backend.tests.test_xow_api.TestDashboardEndpoints" name="test_dashboard_recordings" time="0.144" /><testcase classname="backend.tests.test_xow_api.TestDashboardEndpoints" name="test_dashboard_recordings_with_filter" time="0.127" /><testcase classname="backend.tests.test_xow_api.TestDashboardEndpoints" name="test_dashboard_visitors" time="0.159" /><testcase classname="backend.tests.test_xow_api.TestDashboardEndpoints" name="test_dashboard_html" time="0.136" /><testcase classname="backend.tests.test_xow_api.TestUploadEndpoints" name="test_upload_audio_no_file" time="0.280" /><testcase classname="backend.tests.test_xow_api.TestUploadEndpoints" name="test_upload_video_no_file" time="0.220" /><testcase classname="backend.tests.test_xow_api.TestReprocessEndpoint" name="test_reprocess_no_audio" time="0.279" /><testcase classname="backend.tests.test_xow_api.TestManualTranscriptEndpoint" name="test_add_manual_transcript" time="0.231" /></testsuite></testsuites>