<?xml version="1.0" encoding="utf-8"?><testsuites name="pytest tests"><testsuite name="pytest" errors="0" failures="0" skipped="0" tests="8" time="1.638" timestamp="2026-02-18T04:04:14.179252+00:00" hostname="agent-env-2af6feff-b333-417d-a579-17bcdc96d0ce"><testcase classname="backend.tests.test_theme_apis.TestHealthAndDashboard" name="test_health_endpoint" time="0.313" /><testcase classname="backend.tests.test_theme_apis.TestHealthAndDashboard" name="test_dashboard_insights" time="0.134" /><testcase classname="backend.tests.test_theme_apis.TestHealthAndDashboard" name="test_dashboard_recordings" time="0.140" /><testcase classname="backend.tests.test_theme_apis.TestHealthAndDashboard" name="test_dashboard_visitors" time="0.188" /><testcase classname="backend.tests.test_theme_apis.TestStaticPages" name="test_home_page" time="0.184" /><testcase classname="backend.tests.test_theme_apis.TestStaticPages" name="test_dashboard_page" time="0.160" /><testcase classname="backend.tests.test_theme_apis.TestRecordingFeatures" name="test_get_all_recordings" time="0.129" /><testcase classname="backend.tests.test_theme_apis.TestRecordingFeatures" name="test_get_all_visitors" time="0.170" /></testsuite></testsuites>