<?xml version="1.0" encoding="utf-8"?><testsuites name="pytest tests"><testsuite name="pytest" errors="0" failures="2" skipped="0" tests="22" time="7.176" timestamp="2026-02-17T16:59:41.371159+00:00" hostname="agent-env-9a4d977f-807e-45fb-ba5c-e46975cc2761"><testcase classname="tests.test_xow_features.TestHealthCheck" name="test_health_endpoint" time="0.149" /><testcase classname="tests.test_xow_features.TestDashboardAuth" name="test_signup_success" time="0.190" /><testcase classname="tests.test_xow_features.TestDashboardAuth" name="test_signup_duplicate_email" time="0.359" /><testcase classname="tests.test_xow_features.TestDashboardAuth" name="test_login_success" time="0.281" /><testcase classname="tests.test_xow_features.TestDashboardAuth" name="test_login_invalid_credentials" time="0.129" /><testcase classname="tests.test_xow_features.TestMobileDeviceRegistration" name="test_register_mobile_device" time="0.238" /><testcase classname="tests.test_xow_features.TestMobileDeviceRegistration" name="test_register_multiple_devices" time="0.398" /><testcase classname="tests.test_xow_features.TestDashboardAddDevice" name="test_add_device_flow" time="0.586" /><testcase classname="tests.test_xow_features.TestDashboardAddDevice" name="test_add_device_invalid_code" time="0.228" /><testcase classname="tests.test_xow_features.TestDashboardAddDevice" name="test_add_device_invalid_user" time="0.287"><failure message="assert 520 in [400, 404]&#10; +  where 520 = &lt;Response [520]&gt;.status_code">tests/test_xow_features.py:196: in test_add_device_invalid_user
    assert response.status_code in [400, 404]
E   assert 520 in [400, 404]
E    +  where 520 = &lt;Response [520]&gt;.status_code</failure></testcase><testcase classname="tests.test_xow_features.TestDashboardAddDevice" name="test_verify_otp_flow" time="0.699" /><testcase classname="tests.test_xow_features.TestDashboardAddDevice" name="test_verify_otp_invalid" time="0.682" /><testcase classname="tests.test_xow_features.TestRecordingsCRUD" name="test_create_recording" time="0.169" /><testcase classname="tests.test_xow_features.TestRecordingsCRUD" name="test_get_recording" time="0.336" /><testcase classname="tests.test_xow_features.TestRecordingsCRUD" name="test_list_recordings" time="0.190" /><testcase classname="tests.test_xow_features.TestRecordingsCRUD" name="test_complete_recording" time="0.249" /><testcase classname="tests.test_xow_features.TestRecordingsCRUD" name="test_delete_recording" time="0.533"><failure message="assert 400 == 404&#10; +  where 400 = &lt;Response [400]&gt;.status_code">tests/test_xow_features.py:312: in test_delete_recording
    assert get_resp.status_code == 404
E   assert 400 == 404
E    +  where 400 = &lt;Response [400]&gt;.status_code</failure></testcase><testcase classname="tests.test_xow_features.TestUploadEndpoints" name="test_video_upload_endpoint_exists" time="0.499" /><testcase classname="tests.test_xow_features.TestUploadEndpoints" name="test_audio_upload_endpoint_exists" time="0.460" /><testcase classname="tests.test_xow_features.TestDashboardDataEndpoints" name="test_dashboard_insights" time="0.128" /><testcase classname="tests.test_xow_features.TestDashboardDataEndpoints" name="test_dashboard_recordings" time="0.130" /><testcase classname="tests.test_xow_features.TestDashboardDataEndpoints" name="test_dashboard_visitors" time="0.119" /></testsuite></testsuites>